08:31:13.863 [JavaFX Application Thread] DEBUG GameApplication      - Logger initialized
08:31:13.873 [JavaFX Application Thread] DEBUG GameApplication      - Logging settings
Title: FXGL
Version: 0.0
Width: 800
Height: 600
Fullscreen: false
Intro: false
Menus: false
Profiling: false
Single step:false
App Mode: DEVELOPER
Menu Key: ESCAPE
Stage Style: DECORATED
Scene Factory: class com.almasb.fxgl.scene.SceneFactory
Dialog Factory: class com.almasb.fxgl.ui.FXGLDialogFactory
UI Factory: class com.almasb.fxgl.ui.FXGLUIFactory
Notification Service: class com.almasb.fxgl.gameplay.notification.XboxNotificationView
Exception Handler: class com.almasb.fxgl.app.FXGLExceptionHandler
08:31:13.874 [JavaFX Application Thread] DEBUG GameApplication      - Starting FXGL
08:31:13.888 [JavaFX Application Thread] INFO  FXGL                 - FXGL-0.5.4 on DESKTOP
08:31:13.888 [JavaFX Application Thread] INFO  FXGL                 - Source code and latest versions at: https://github.com/AlmasB/FXGL
08:31:13.890 [JavaFX Application Thread] INFO  FXGL                 -              Join the FXGL chat at: https://gitter.im/AlmasB/FXGL
08:31:13.890 [JavaFX Application Thread] DEBUG FXGL                 - FXGL started
08:31:13.891 [JavaFX Application Thread] DEBUG FXGL                 - Initializing FXGL
08:31:13.960 [JavaFX Application Thread] DEBUG AssetLoader          - Loading from disk: /assets/ui/cursors/fxgl_default.png
08:31:14.084 [JavaFX Application Thread] DEBUG AssetLoader          - Loading from disk: /assets/ui/fonts/VarelaRound-Regular.ttf
08:31:14.499 [JavaFX Application Thread] DEBUG MainWindow           - Creating a JavaFX scene
08:31:14.576 [JavaFX Application Thread] DEBUG MainWindow           - Target settings size: 800.0 x 600.0
08:31:14.576 [JavaFX Application Thread] DEBUG MainWindow           - Scaled scene size:    800.0 x 600.0
08:31:14.577 [JavaFX Application Thread] DEBUG MainWindow           - Scaled ratio: (1.0, 1.0)
08:31:14.581 [JavaFX Application Thread] DEBUG AssetLoader          - Loading from disk: /assets/ui/css/fxgl_dark.css
08:31:14.588 [JavaFX Application Thread] DEBUG AssetLoader          - Loading from disk: /assets/textures/fxgl_icon.png
08:31:14.630 [JavaFX Application Thread] DEBUG MainWindow           - Opening main window
08:31:15.068 [JavaFX Application Thread] DEBUG MainWindow           - Window border size: (2.4000244140625, 24.79998779296875)
08:31:15.069 [JavaFX Application Thread] DEBUG MainWindow           - Scaled size: 800.0 x 600.0
08:31:15.069 [JavaFX Application Thread] DEBUG MainWindow           - Scaled ratio: (1.0, 1.0)
08:31:15.069 [JavaFX Application Thread] DEBUG MainWindow           - Scene size: 800.0 x 600.0
08:31:15.069 [JavaFX Application Thread] DEBUG MainWindow           - Stage size: 802.4000244140625 x 624.7999877929688
08:31:15.139 [ForkJoinPool.commonPool-worker-1] DEBUG FS                   - Loaded DesktopFSService
08:31:15.157 [ForkJoinPool.commonPool-worker-1] DEBUG FXGL                 - Loading default FXGL system data
08:31:15.159 [ForkJoinPool.commonPool-worker-1] DEBUG FXGL                 - Initializing state machine and application states
08:31:15.161 [ForkJoinPool.commonPool-worker-2] DEBUG UpdaterTask          - Checking for updates
08:31:15.162 [ForkJoinPool.commonPool-worker-1] DEBUG AssetLoader          - Loading from disk: /assets/ui/cursors/fxgl_default.png
08:31:15.175 [ForkJoinPool.commonPool-worker-1] DEBUG AssetLoader          - Loading from disk: /assets/ui/cursors/fxgl_default.png
08:31:15.189 [ForkJoinPool.commonPool-worker-1] DEBUG AssetLoader          - Loading from cache: /assets/ui/fonts/VarelaRound-Regular.ttf
08:31:15.223 [ForkJoinPool.commonPool-worker-1] DEBUG AssetLoader          - Loading from disk: /assets/ui/cursors/fxgl_default.png
08:31:15.236 [ForkJoinPool.commonPool-worker-1] DEBUG GameScene            - Game scene initialized: 800x600
08:31:15.248 [ForkJoinPool.commonPool-worker-1] DEBUG GameWorld            - Game world initialized
08:31:15.386 [ForkJoinPool.commonPool-worker-1] DEBUG PhysicsWorld         - Physics world initialized: appHeight=600, physics.ppm=50.0
08:31:15.409 [ForkJoinPool.commonPool-worker-1] DEBUG Input                - Registered new binding: Pause - Esc
08:31:15.504 [JavaFX Application Thread] DEBUG FXGL                 - Running preInit()
08:31:15.506 [JavaFX Application Thread] DEBUG Input                - Registered new binding: Screenshot - P
08:31:15.507 [JavaFX Application Thread] DEBUG Input                - Registered new binding: Dev Options - CTRL+0
08:31:15.508 [JavaFX Application Thread] DEBUG Input                - Registered new binding: System info dump - CTRL+9
08:31:15.515 [JavaFX Application Thread] DEBUG Input                - Registered new binding: Restart - CTRL+R
08:31:15.518 [JavaFX Application Thread] INFO  FXGL                 - FXGL initialization took: 1.626 sec
08:31:15.518 [JavaFX Application Thread] DEBUG LoopRunner           - Starting loop
08:31:15.520 [JavaFX Application Thread] DEBUG StartupState         - STARTUP
08:31:15.521 [JavaFX Application Thread] DEBUG GameApplication      - Starting new game
08:31:15.521 [JavaFX Application Thread] DEBUG Input                - Clearing active input actions
08:31:15.523 [JavaFX Application Thread] DEBUG AssetLoader          - Loading from disk: /assets/ui/css/fxgl_dark.css
08:31:15.536 [JavaFX Application Thread] DEBUG AppStateMachine      - StartupState -> LoadingState
08:31:15.549 [FXGL Background Thread 1 ] DEBUG InitAppTask          - Clearing previous game
08:31:15.549 [FXGL Background Thread 1 ] DEBUG GameWorld            - Clearing game world
08:31:15.550 [FXGL Background Thread 1 ] DEBUG PhysicsWorld         - Clearing physics world
08:31:15.550 [FXGL Background Thread 1 ] DEBUG GameScene            - Clearing game scene
08:31:15.557 [FXGL Background Thread 1 ] DEBUG InitAppTask          - Initializing Game
08:31:15.580 [FXGL Background Thread 1 ] DEBUG InitAppTask          - Initializing Physics
08:31:15.583 [FXGL Background Thread 1 ] DEBUG InitAppTask          - Initializing UI
08:31:15.584 [FXGL Background Thread 1 ] DEBUG InitAppTask          - Initialization Complete
08:31:15.584 [FXGL Background Thread 1 ] INFO  InitAppTask          - Game initialization took: 0.035 sec
08:31:15.593 [JavaFX Application Thread] DEBUG Input                - Clearing active input actions
08:31:15.594 [JavaFX Application Thread] DEBUG AssetLoader          - Loading from disk: /assets/ui/css/fxgl_dark.css
08:31:15.606 [JavaFX Application Thread] DEBUG AppStateMachine      - LoadingState -> PlayState
08:31:16.873 [ForkJoinPool.commonPool-worker-2] INFO  UpdaterTask          - Your current version:  0.5.4
08:31:16.873 [ForkJoinPool.commonPool-worker-2] INFO  UpdaterTask          - Latest stable version: 11.1-beta
08:31:21.681 [JavaFX Application Thread] DEBUG FXGL                 - Exiting FXGL
08:31:21.681 [JavaFX Application Thread] DEBUG FXGL                 - Shutting down background threads
08:31:21.682 [JavaFX Application Thread] DEBUG FXGL                 - Saving FXGL system data
08:31:21.686 [JavaFX Application Thread] DEBUG DesktopFSService     - Writing to: system\fxgl.bundle
08:31:21.700 [JavaFX Application Thread] DEBUG FXGL                 - Closing logger and exiting JavaFX
